<?xml version="1.0" encoding="UTF-8"?>

<beans xmlns="http://www.springframework.org/schema/beans"
       xmlns:xsi="http://www.w3.org/2001/XMLSchema-instance"
       xmlns:p="http://www.springframework.org/schema/p"
       xmlns:context="http://www.springframework.org/schema/context"
       xmlns:util="http://www.springframework.org/schema/util"
       xmlns:tx="http://www.springframework.org/schema/tx"
       xsi:schemaLocation="http://www.springframework.org/schema/beans
           http://www.springframework.org/schema/beans/spring-beans-3.2.xsd
           http://www.springframework.org/schema/tx
           http://www.springframework.org/schema/tx/spring-tx-3.2.xsd
           http://www.springframework.org/schema/context
           http://www.springframework.org/schema/context/spring-context-3.2.xsd
           http://www.springframework.org/schema/util
           http://www.springframework.org/schema/util/spring-util-3.2.xsd">


    <!-- enables annotation-based dependency injection -->
    <context:annotation-config/>

    <!-- Scans within the base package of the application for @Components to configure as beans -->
    <context:component-scan base-package="uk.ac.ebi.atlas"/>

    <util:properties id="configuration" location="classpath:/test-configuration.properties"/>

    <bean id="barChartTraderLoader" class="uk.ac.ebi.atlas.experimentpage.baseline.genedistribution.BarChartTradersCacheLoader">
        <lookup-method name="createBarChartTraderBuilder" bean="barChartTraderBuilder"/>
    </bean>

    <!-- uk.ac.ebi.atlas.solr.admin.BioentityIndexAdmin -->
    <bean id="singleThreadExecutorService" class="java.util.concurrent.Executors" scope="prototype" factory-method="newSingleThreadExecutor"/>


    <bean id="restTemplate" class="org.springframework.web.client.RestTemplate">
    </bean>

    <bean id="jdbcTemplateOracle" class="org.springframework.jdbc.core.JdbcTemplate">
        <constructor-arg ref="dataSourceOracle"/>
    </bean>
    <bean id="namedJdbcTemplateOracle" class="org.springframework.jdbc.core.namedparam.NamedParameterJdbcTemplate">
        <constructor-arg ref="dataSourceOracle"/>
    </bean>

    <!-- enables transactions where @Transaction annotations encountered -->
    <tx:annotation-driven transaction-manager="transactionManager"/>
    <bean id="transactionManager" class="org.springframework.jdbc.datasource.DataSourceTransactionManager">
        <property name="dataSource" ref="dataSourceOracle"/>
    </bean>

</beans>