<?xml version="1.0" encoding="UTF-8"?>
<beans xmlns="http://www.springframework.org/schema/beans"
       xmlns:xsi="http://www.w3.org/2001/XMLSchema-instance"
       xsi:schemaLocation="http://www.springframework.org/schema/beans
           http://www.springframework.org/schema/beans/spring-beans-3.2.xsd">

    <bean id="dataSourceOracle" class="oracle.ucp.jdbc.PoolDataSourceFactory" factory-method="getPoolDataSource">
        <property name="URL" value="${oracle.jdbc.url}"/>
        <property name="user" value="${oracle.jdbc.username}"/>
        <property name="password" value="${oracle.jdbc.password}"/>
        <property name="connectionFactoryClassName" value="oracle.jdbc.pool.OracleDataSource"/>
        <property name="initialPoolSize" value="3"/>
        <property name="minPoolSize" value="3"/>
        <property name="maxPoolSize" value="20"/>
        <property name="maxIdleTime" value="1800"/>
    </bean>

</beans>